[Licensing::Module] Trying to connect to existing licensing client channel...
Built from '6000.4/staging' branch; Version is '6000.4.6f1 (0b051c2e5d54) revision 722204'; Using compiler version '194234433'; Build Type 'Release'
[Licensing::IpcConnector] Successfully connected to: "LicenseClient-ohjij" at "2026-06-22T10:04:47.8174463Z"
OS: 'Windows 11  (10.0.26200) Professional' Language: 'ko' Physical Memory: 32523 MB
BatchMode: 1, IsHumanControllingUs: 0, StartBugReporterOnCrash: 0, Is64bit: 1
System  architecture: x64
Process architecture: x64
Date: 2026-06-22T10:04:47Z

COMMAND LINE ARGUMENTS:
C:\Program Files\Unity\Hub\Editor\6000.4.6f1\Editor\Unity.exe
-adb2
-batchMode
-noUpm
-name
AssetImportWorker1
-projectPath
C:/UnityProjects/CheeseArena
-logFile
Logs/AssetImportWorker1.log
-srvPort
61470
-licensingIpc
LicenseClient-ohjij
-force-d3d12
-job-worker-count
11
-background-job-worker-count
8
-gc-helper-count
1
-name
AssetImport
Successfully changed project path to: C:/UnityProjects/CheeseArena
C:/UnityProjects/CheeseArena
[UnityMemory] Configuration Parameters - Can be set up in boot.config
    "memorysetup-temp-allocator-size-gi-baking-worker=262144"
    "memorysetup-temp-allocator-size-gi-baking-worker=262144"
    "memorysetup-temp-allocator-size-gi-baking-worker=262144"
    "memorysetup-temp-allocator-size-gi-baking-worker=262144"
    "memorysetup-temp-allocator-size-gi-baking-worker=262144"
    "memorysetup-temp-allocator-size-nav-mesh-worker=65536"
    "memorysetup-temp-allocator-size-audio-worker=65536"
    "memorysetup-temp-allocator-size-cloud-worker=32768"
    "memorysetup-temp-allocator-size-gfx=262144"
    "memorysetup-temp-allocator-size-preload-manager=33554432"
    "memorysetup-temp-allocator-size-job-worker=262144"
    "memorysetup-temp-allocator-size-background-worker=32768"
    "memorysetup-allocator-temp-initial-block-size-main=262144"
    "memorysetup-allocator-temp-initial-block-size-worker=262144"
    "memorysetup-bucket-allocator-granularity=16"
    "memorysetup-bucket-allocator-bucket-count=8"
    "memorysetup-bucket-allocator-block-size=33554432"
    "memorysetup-bucket-allocator-block-count=8"
    "memorysetup-main-allocator-block-size=16777216"
    "memorysetup-thread-allocator-block-size=16777216"
    "memorysetup-gfx-main-allocator-block-size=16777216"
    "memorysetup-gfx-thread-allocator-block-size=16777216"
    "memorysetup-cache-allocator-block-size=4194304"
    "memorysetup-typetree-allocator-block-size=2097152"
    "memorysetup-profiler-bucket-allocator-granularity=16"
    "memorysetup-profiler-bucket-allocator-bucket-count=8"
    "memorysetup-profiler-bucket-allocator-block-size=33554432"
    "memorysetup-profiler-bucket-allocator-block-count=8"
    "memorysetup-profiler-allocator-block-size=16777216"
    "memorysetup-profiler-editor-allocator-block-size=1048576"
    "memorysetup-temp-allocator-size-main=16777216"
    "memorysetup-job-temp-allocator-block-size=2097152"
    "memorysetup-job-temp-allocator-block-size-background=1048576"
    "memorysetup-job-temp-allocator-reduction-small-platforms=262144"
Player connection [34308]  Target information:

Player connection [34308]  * "[IP] 192.168.45.30 [Port] 0 [Flags] 2 [Guid] 237245592 [EditorId] 237245592 [Version] 1048832 [Id] WindowsEditor(7,NEUL) [Debug] 1 [PackageName] WindowsEditor [ProjectName] Editor" 

Player connection [34308] Host joined multi-casting on [225.0.0.222:54997]...
Player connection [34308] Host joined alternative multi-casting on [225.0.0.222:34997]...
JobSystem: Creating JobQueue using job-worker-count value 11
Input System module state changed to: Initialized.
[Physics::Module] Initialized fallback backend.
[Physics::Module] Id: 0xdecafbad
Library Redirect Path: Library/
[Physics::Module] Selected backend.
[Physics::Module] Name: PhysX
[Physics::Module] Id: 0xf2b8ea05
[Physics::Module] SDK Version: 4.1.2
[Physics::Module] Integration Version: 1.0.0
[Physics::Module] Threading Mode: Multi-Threaded
Initialize engine version: 6000.4.6f1 (0b051c2e5d54)
[Subsystems] Discovering subsystems at path C:/Program Files/Unity/Hub/Editor/6000.4.6f1/Editor/Data/Resources/UnitySubsystems
[Subsystems] Discovering subsystems at path C:/UnityProjects/CheeseArena/Assets
Forcing GfxDevice: Direct3D 12
GfxDevice: creating device client; kGfxThreadingModeNonThreaded
d3d12: failed to query info queue interface (0x80004002).
Direct3D:
    Version:         Direct3D 12 [level 12.2]
    Renderer:        NVIDIA GeForce RTX 4070 (ID=0x2786)
    Vendor:          NVIDIA
    VRAM:            12012 MB
    App VRAM Budget: 11244 MB
    Driver:          32.0.15.9571
Initialize mono
Mono path[0] = 'C:/Program Files/Unity/Hub/Editor/6000.4.6f1/Editor/Data/Managed'
Mono path[1] = 'C:/Program Files/Unity/Hub/Editor/6000.4.6f1/Editor/Data/MonoBleedingEdge/lib/mono/unityjit-win32'
Mono config path = 'C:/Program Files/Unity/Hub/Editor/6000.4.6f1/Editor/Data/MonoBleedingEdge/etc'
Using monoOptions --debugger-agent=transport=dt_socket,embedding=1,server=y,suspend=n,address=127.0.0.1:56420
CodeReloadManager initialized
Begin MonoManager ReloadAssembly
Registering precompiled unity dll's ...
Register platform support module: C:/Program Files/Unity/Hub/Editor/6000.4.6f1/Editor/Data/PlaybackEngines/WebGLSupport/UnityEditor.WebGL.Extensions.dll
Register platform support module: C:/Program Files/Unity/Hub/Editor/6000.4.6f1/Editor/Data/PlaybackEngines/WindowsStandaloneSupport/UnityEditor.WindowsStandalone.Extensions.dll
Registered in 0.001586 seconds.
[Licensing::Client] Error: HandshakeResponse reported an error:
	ResponseCode: 505
	ResponseStatus: Unsupported protocol version '1.18.1'.
[Licensing::Module] Error: Failed to handshake to channel: "LicenseClient-ohjij"
[Licensing::IpcConnector] LicenseClient-ohjij channel disconnected successfully.
[Licensing::IpcConnector] Successfully connected to: "LicenseClient-ohjij-6000.4.6" at "2026-06-22T10:04:49.1035219Z"
[Licensing::Client] Code 10 while verifying Licensing Client signature (process Id: 16412, path: "C:/Program Files/Unity/Hub/Editor/6000.4.6f1/Editor/Data/Resources/Licensing/Client/Unity.Licensing.Client.exe")
[Licensing::Module] LicensingClient has failed validation; ignoring
[Licensing::Client] Handshaking with LicensingClient:
  Version:                 1.18.1+9fbee8e
  Session Id:              7cfa6fd6d1cc49bebec55d669b2aa591
  Correlation Id:          47033d9535556a2219946418fbcd53ed
  External correlation Id: 2950061264423364057
  Machine Id:              bq5nZs3mdaW7bkkR1MXRzmgdq9Q=
[Licensing::Module] Successfully connected to LicensingClient on channel: "LicenseClient-ohjij-6000.4.6" (connect: 0.00s, validation: 0.00s, handshake: 0.01s)
[Licensing::IpcConnector] Successfully connected to: "LicenseClient-ohjij-6000.4.6-notifications" at "2026-06-22T10:04:49.1112604Z"
[Licensing::Module] Licensing Background thread has ended after 1.29s
Native extension for WindowsStandalone target not found
Native extension for WebGL target not found
Package Manager log level set to [2]
[Package Manager] Failed to launch server process. Reason: Unity was launched with the -noUpm command-line argument
[Package Manager] Unable to send message (not connected to server process).
[Package Manager] Cannot connect to Unity Package Manager local server
ScheduleIndexationOnStartup MainProcess:False IndexOnStartup:True
Mono: successfully reloaded assembly
- Finished resetting the current domain, in  0.362 seconds
Domain Reload Profiling: 770ms
	BeginReloadAssembly (132ms)
	RebuildCommonClasses (34ms)
	RebuildNativeTypeToScriptingClass (11ms)
	initialDomainReloadingComplete (56ms)
	LoadAllAssembliesAndSetupDomain (174ms)
		LoadAssemblies (128ms)
		AnalyzeDomain (165ms)
			TypeCache.Refresh (164ms)
				TypeCache.ScanAssembly (152ms)
	FinalizeReload (363ms)
		SetupLoadedEditorAssemblies (0ms)
			InitializePlatformSupportModulesInManaged (47ms)
			BeforeProcessingInitializeOnLoad (101ms)
			ProcessInitializeOnLoadAttributes (91ms)
			ProcessInitializeOnLoadMethodAttributes (74ms)
========================================================================
Worker process is ready to serve import requests
Import Worker Mode flag is 0x00
Begin MonoManager ReloadAssembly
[Licensing::Client] Successfully resolved entitlement details
[Licensing::Module] License group:
  Id: 14569677039029-UnityPersXXXX
  Product: Unity Personal
  Type: Assigned
  Expiration: Unlimited
Assembly Assembly-CSharp-Editor-firstpass.dll at Library/ScriptAssemblies/Assembly-CSharp-Editor-firstpass.dll not valid. Loading of assembly skipped.
Assembly Assembly-CSharp-firstpass.dll at Library/ScriptAssemblies/Assembly-CSharp-firstpass.dll not valid. Loading of assembly skipped.
Assembly Assembly-CSharp.dll at Library/ScriptAssemblies/Assembly-CSharp.dll not valid. Loading of assembly skipped.
Assembly Unity.Multiplayer.Center.Editor.Tests.dll at Library/ScriptAssemblies/Unity.Multiplayer.Center.Editor.Tests.dll not valid. Loading of assembly skipped.
Assembly Unity.Multiplayer.Center.Tests.dll at Library/ScriptAssemblies/Unity.Multiplayer.Center.Tests.dll not valid. Loading of assembly skipped.
Native extension for WindowsStandalone target not found
Native extension for WebGL target not found
[Package Manager] Failed to launch server process. Reason: Unity was launched with the -noUpm command-line argument
[Package Manager] Unable to send message (not connected to server process).
[Package Manager] Cannot connect to Unity Package Manager local server
ScheduleIndexationOnStartup MainProcess:False IndexOnStartup:True
Mono: successfully reloaded assembly
- Finished resetting the current domain, in  0.302 seconds
Domain Reload Profiling: 564ms
	BeginReloadAssembly (164ms)
		DisableScriptedObjects (4ms)
		CreateAndSetChildDomain (22ms)
	RebuildCommonClasses (34ms)
	RebuildNativeTypeToScriptingClass (10ms)
	initialDomainReloadingComplete (36ms)
	LoadAllAssembliesAndSetupDomain (16ms)
		LoadAssemblies (104ms)
		AnalyzeDomain (8ms)
			TypeCache.Refresh (5ms)
	FinalizeReload (304ms)
		SetupLoadedEditorAssemblies (0ms)
			BeforeProcessingInitializeOnLoad (79ms)
			ProcessInitializeOnLoadAttributes (76ms)
			ProcessInitializeOnLoadMethodAttributes (34ms)
			AfterProcessingInitializeOnLoad (4ms)
		AwakeInstancesAfterBackupRestoration (10ms)
Launched and connected shader compiler UnityShaderCompiler.exe after 0.01 seconds
Unloading 0 Unused Serialized files (Serialized files now loaded: 0)
Unloading 65 unused Assets / (30.2 KB). Loaded Objects now: 666.
Memory consumption went from 64.2 MB to 64.2 MB.
Total: 2.565000 ms (FindLiveObjects: 0.033000 ms CreateObjectMapping: 0.007200 ms MarkObjects: 2.444400 ms  DeleteObjects: 0.079000 ms)

========================================================================
Received Import Request.
  Time since last request: 103909.930752 seconds.
  path: Assets/CheeseSportsArena/README.md
  importAddress: Guid(cf383e85b07ec2a44bb34a2302444f14) Importer(2089858483,b0f066a214c2f5e87bad3c948f4d605d)
Start importing Assets/CheeseSportsArena/README.md using Guid(cf383e85b07ec2a44bb34a2302444f14) Importer(2089858483,b0f066a214c2f5e87bad3c948f4d605d) (ScriptedImporter) -> (Import Result ID: '67c9ee0b8a876f065bc2e1c0d3695dd4') in 0.0632273 seconds [static and dynamic dependencies]. Details - ImportResultOutputID=c618a12c34ba7afefff41c06819b268a DependenciesID=401fe8d0bbad7cfa07a3f18f6ab054c9 StaticDependenciesID=cec914758986250cfdd068a27a17ab25 
Number of updated asset objects reloaded before import = 0Number of asset objects unloaded after import = 1

========================================================================
Received Import Request.
  Time since last request: 43.954278 seconds.
  path: Assets/CheeseSportsArena/Materials/Floor.mat
  importAddress: Guid(cc9e1e9839bcee1408ef5e8f6fdb4ea5) Importer(2089858483,b0f066a214c2f5e87bad3c948f4d605d)
Start importing Assets/CheeseSportsArena/Materials/Floor.mat using Guid(cc9e1e9839bcee1408ef5e8f6fdb4ea5) Importer(2089858483,b0f066a214c2f5e87bad3c948f4d605d) (ScriptedImporter) -> (Import Result ID: 'e43228c66774b7831ca38e1437458648') in 0.0600199 seconds [static and dynamic dependencies]. Details - ImportResultOutputID=9cb406ee28664a616895aecd384b9c38 DependenciesID=242ca41e323dd96ef00c99ad2982b823 StaticDependenciesID=4044d6c26c4392de113c508fe5afcc1b 
Number of updated asset objects reloaded before import = 0Number of asset objects unloaded after import = 1

========================================================================
Received Import Request.
  Time since last request: 0.000026 seconds.
  path: Assets/CheeseSportsArena/Materials/Step.mat
  importAddress: Guid(d519ee0e6f8fd7f4e8f87ff425a83c6a) Importer(2089858483,b0f066a214c2f5e87bad3c948f4d605d)
Start importing Assets/CheeseSportsArena/Materials/Step.mat using Guid(d519ee0e6f8fd7f4e8f87ff425a83c6a) Importer(2089858483,b0f066a214c2f5e87bad3c948f4d605d) (ScriptedImporter) -> (Import Result ID: '98a9b8a57c2d29e7d7dd9f13d5633055') in 0.0107181 seconds [static and dynamic dependencies]. Details - ImportResultOutputID=294da8b24405858b4b4adbc1e36469fd DependenciesID=6569b4295ff19fa55ba96b9882b43bff StaticDependenciesID=4694bac11ff0f3b00a12a03c67a8bcba 
Number of updated asset objects reloaded before import = 0Number of asset objects unloaded after import = 1

========================================================================
Received Import Request.
  Time since last request: 0.000023 seconds.
  path: Assets/CheeseSportsArena/Materials/Seat.mat
  importAddress: Guid(786c4bd9d939e5744a4a3726b1a27d31) Importer(2089858483,b0f066a214c2f5e87bad3c948f4d605d)
Start importing Assets/CheeseSportsArena/Materials/Seat.mat using Guid(786c4bd9d939e5744a4a3726b1a27d31) Importer(2089858483,b0f066a214c2f5e87bad3c948f4d605d) (ScriptedImporter) -> (Import Result ID: '3ad5f870c7f606f06bfccd2916ca30ce') in 0.0103578 seconds [static and dynamic dependencies]. Details - ImportResultOutputID=a1144f643ad2601d00cc3a3878fd03f3 DependenciesID=a3ddce0c334738c346107cddb20b8236 StaticDependenciesID=a4eda09e51cf81537ec99a1095439f46 
Number of updated asset objects reloaded before import = 0Number of asset objects unloaded after import = 1

========================================================================
Received Import Request.
  Time since last request: 0.000023 seconds.
  path: Assets/CheeseSportsArena/Materials/PanelDisplay.mat
  importAddress: Guid(df17d973c77066d4c89b54784bf3fb1b) Importer(2089858483,b0f066a214c2f5e87bad3c948f4d605d)
Start importing Assets/CheeseSportsArena/Materials/PanelDisplay.mat using Guid(df17d973c77066d4c89b54784bf3fb1b) Importer(2089858483,b0f066a214c2f5e87bad3c948f4d605d) (ScriptedImporter) -> (Import Result ID: 'd75902b20fd153166d80b0931d398eba') in 0.0101067 seconds [static and dynamic dependencies]. Details - ImportResultOutputID=933f186db5858501235f5f23b60f525f DependenciesID=d5fae9fce955ae22f1f4ed431156b5c7 StaticDependenciesID=b3195a9576a109eb5f748582874e042f 
Number of updated asset objects reloaded before import = 0Number of asset objects unloaded after import = 1

========================================================================
Received Import Request.
  Time since last request: 0.000017 seconds.
  path: Assets/CheeseSportsArena/Materials/ScreenDisplay.mat
  importAddress: Guid(c2defb94d053b9143989dee2c26a8cba) Importer(2089858483,b0f066a214c2f5e87bad3c948f4d605d)
Start importing Assets/CheeseSportsArena/Materials/ScreenDisplay.mat using Guid(c2defb94d053b9143989dee2c26a8cba) Importer(2089858483,b0f066a214c2f5e87bad3c948f4d605d) (ScriptedImporter) -> (Import Result ID: 'ccf6650f66030d58a609674edfbec8a7') in 0.0108608 seconds [static and dynamic dependencies]. Details - ImportResultOutputID=6066876809bd62e57ae41235aac7639e DependenciesID=6aec322ca3858bc2469eef0f48e063fd StaticDependenciesID=f75184dbb737f45e21c29a9b4c9f6885 
Number of updated asset objects reloaded before import = 0Number of asset objects unloaded after import = 1

Editor requested this worker to shutdown with reason: Scaling down because of idle timeout
AssetImportWorker is now disconnected from the server
Process exiting
Exiting without the bug reporter. Application will terminate with return code 0