[Licensing::Module] Trying to connect to existing licensing client channel...
Built from '6000.4/staging' branch; Version is '6000.4.6f1 (0b051c2e5d54) revision 722204'; Using compiler version '194234433'; Build Type 'Release'
[Licensing::IpcConnector] Successfully connected to: "LicenseClient-ohjij" at "2026-06-22T10:04:47.8281423Z"
OS: 'Windows 11  (10.0.26200) Professional' Language: 'ko' Physical Memory: 32523 MB
BatchMode: 1, IsHumanControllingUs: 0, StartBugReporterOnCrash: 0, Is64bit: 1
System  architecture: x64
Process architecture: x64
Date: 2026-06-22T10:04:47Z

COMMAND LINE ARGUMENTS:
C:\Program Files\Unity\Hub\Editor\6000.4.6f1\Editor\Unity.exe
-adb2
-batchMode
-noUpm
-name
AssetImportWorker0
-projectPath
C:/UnityProjects/CheeseArena
-logFile
Logs/AssetImportWorker0.log
-srvPort
61470
-licensingIpc
LicenseClient-ohjij
-force-d3d12
-job-worker-count
11
-background-job-worker-count
8
-gc-helper-count
1
-name
AssetImport
Successfully changed project path to: C:/UnityProjects/CheeseArena
C:/UnityProjects/CheeseArena
[UnityMemory] Configuration Parameters - Can be set up in boot.config
    "memorysetup-temp-allocator-size-gi-baking-worker=262144"
    "memorysetup-temp-allocator-size-gi-baking-worker=262144"
    "memorysetup-temp-allocator-size-gi-baking-worker=262144"
    "memorysetup-temp-allocator-size-gi-baking-worker=262144"
    "memorysetup-temp-allocator-size-gi-baking-worker=262144"
    "memorysetup-temp-allocator-size-nav-mesh-worker=65536"
    "memorysetup-temp-allocator-size-audio-worker=65536"
    "memorysetup-temp-allocator-size-cloud-worker=32768"
    "memorysetup-temp-allocator-size-gfx=262144"
    "memorysetup-temp-allocator-size-preload-manager=33554432"
    "memorysetup-temp-allocator-size-job-worker=262144"
    "memorysetup-temp-allocator-size-background-worker=32768"
    "memorysetup-allocator-temp-initial-block-size-main=262144"
    "memorysetup-allocator-temp-initial-block-size-worker=262144"
    "memorysetup-bucket-allocator-granularity=16"
    "memorysetup-bucket-allocator-bucket-count=8"
    "memorysetup-bucket-allocator-block-size=33554432"
    "memorysetup-bucket-allocator-block-count=8"
    "memorysetup-main-allocator-block-size=16777216"
    "memorysetup-thread-allocator-block-size=16777216"
    "memorysetup-gfx-main-allocator-block-size=16777216"
    "memorysetup-gfx-thread-allocator-block-size=16777216"
    "memorysetup-cache-allocator-block-size=4194304"
    "memorysetup-typetree-allocator-block-size=2097152"
    "memorysetup-profiler-bucket-allocator-granularity=16"
    "memorysetup-profiler-bucket-allocator-bucket-count=8"
    "memorysetup-profiler-bucket-allocator-block-size=33554432"
    "memorysetup-profiler-bucket-allocator-block-count=8"
    "memorysetup-profiler-allocator-block-size=16777216"
    "memorysetup-profiler-editor-allocator-block-size=1048576"
    "memorysetup-temp-allocator-size-main=16777216"
    "memorysetup-job-temp-allocator-block-size=2097152"
    "memorysetup-job-temp-allocator-block-size-background=1048576"
    "memorysetup-job-temp-allocator-reduction-small-platforms=262144"
Player connection [34716]  Target information:

Player connection [34716]  * "[IP] 192.168.45.30 [Port] 0 [Flags] 2 [Guid] 1042839280 [EditorId] 1042839280 [Version] 1048832 [Id] WindowsEditor(7,NEUL) [Debug] 1 [PackageName] WindowsEditor [ProjectName] Editor" 

Player connection [34716] Host joined multi-casting on [225.0.0.222:54997]...
Player connection [34716] Host joined alternative multi-casting on [225.0.0.222:34997]...
JobSystem: Creating JobQueue using job-worker-count value 11
Input System module state changed to: Initialized.
[Physics::Module] Initialized fallback backend.
[Physics::Module] Id: 0xdecafbad
Library Redirect Path: Library/
[Physics::Module] Selected backend.
[Physics::Module] Name: PhysX
[Physics::Module] Id: 0xf2b8ea05
[Physics::Module] SDK Version: 4.1.2
[Physics::Module] Integration Version: 1.0.0
[Physics::Module] Threading Mode: Multi-Threaded
Initialize engine version: 6000.4.6f1 (0b051c2e5d54)
[Subsystems] Discovering subsystems at path C:/Program Files/Unity/Hub/Editor/6000.4.6f1/Editor/Data/Resources/UnitySubsystems
[Subsystems] Discovering subsystems at path C:/UnityProjects/CheeseArena/Assets
Forcing GfxDevice: Direct3D 12
GfxDevice: creating device client; kGfxThreadingModeNonThreaded
d3d12: failed to query info queue interface (0x80004002).
Direct3D:
    Version:         Direct3D 12 [level 12.2]
    Renderer:        NVIDIA GeForce RTX 4070 (ID=0x2786)
    Vendor:          NVIDIA
    VRAM:            12012 MB
    App VRAM Budget: 11244 MB
    Driver:          32.0.15.9571
Initialize mono
Mono path[0] = 'C:/Program Files/Unity/Hub/Editor/6000.4.6f1/Editor/Data/Managed'
Mono path[1] = 'C:/Program Files/Unity/Hub/Editor/6000.4.6f1/Editor/Data/MonoBleedingEdge/lib/mono/unityjit-win32'
Mono config path = 'C:/Program Files/Unity/Hub/Editor/6000.4.6f1/Editor/Data/MonoBleedingEdge/etc'
Using monoOptions --debugger-agent=transport=dt_socket,embedding=1,server=y,suspend=n,address=127.0.0.1:56036
CodeReloadManager initialized
Begin MonoManager ReloadAssembly
Registering precompiled unity dll's ...
Register platform support module: C:/Program Files/Unity/Hub/Editor/6000.4.6f1/Editor/Data/PlaybackEngines/WebGLSupport/UnityEditor.WebGL.Extensions.dll
Register platform support module: C:/Program Files/Unity/Hub/Editor/6000.4.6f1/Editor/Data/PlaybackEngines/WindowsStandaloneSupport/UnityEditor.WindowsStandalone.Extensions.dll
Registered in 0.002258 seconds.
[Licensing::Client] Error: HandshakeResponse reported an error:
	ResponseCode: 505
	ResponseStatus: Unsupported protocol version '1.18.1'.
[Licensing::Module] Error: Failed to handshake to channel: "LicenseClient-ohjij"
[Licensing::IpcConnector] LicenseClient-ohjij channel disconnected successfully.
[Licensing::IpcConnector] Successfully connected to: "LicenseClient-ohjij-6000.4.6" at "2026-06-22T10:04:49.1150972Z"
[Licensing::Client] Code 10 while verifying Licensing Client signature (process Id: 16412, path: "C:/Program Files/Unity/Hub/Editor/6000.4.6f1/Editor/Data/Resources/Licensing/Client/Unity.Licensing.Client.exe")
[Licensing::Module] LicensingClient has failed validation; ignoring
[Licensing::Client] Handshaking with LicensingClient:
  Version:                 1.18.1+9fbee8e
  Session Id:              243e2b1cea2444c98cc40a9104d60598
  Correlation Id:          47033d9535556a2219946418fbcd53ed
  External correlation Id: 4337994437379974724
  Machine Id:              bq5nZs3mdaW7bkkR1MXRzmgdq9Q=
[Licensing::Module] Successfully connected to LicensingClient on channel: "LicenseClient-ohjij-6000.4.6" (connect: 0.00s, validation: 0.00s, handshake: 0.01s)
[Licensing::IpcConnector] Successfully connected to: "LicenseClient-ohjij-6000.4.6-notifications" at "2026-06-22T10:04:49.1231748Z"
[Licensing::Module] Licensing Background thread has ended after 1.30s
Native extension for WindowsStandalone target not found
Native extension for WebGL target not found
Package Manager log level set to [2]
[Package Manager] Failed to launch server process. Reason: Unity was launched with the -noUpm command-line argument
[Package Manager] Unable to send message (not connected to server process).
[Package Manager] Cannot connect to Unity Package Manager local server
ScheduleIndexationOnStartup MainProcess:False IndexOnStartup:True
Mono: successfully reloaded assembly
- Finished resetting the current domain, in  0.359 seconds
Domain Reload Profiling: 762ms
	BeginReloadAssembly (128ms)
	RebuildCommonClasses (33ms)
	RebuildNativeTypeToScriptingClass (10ms)
	initialDomainReloadingComplete (59ms)
	LoadAllAssembliesAndSetupDomain (172ms)
		LoadAssemblies (125ms)
		AnalyzeDomain (163ms)
			TypeCache.Refresh (161ms)
				TypeCache.ScanAssembly (149ms)
	FinalizeReload (360ms)
		SetupLoadedEditorAssemblies (0ms)
			InitializePlatformSupportModulesInManaged (44ms)
			BeforeProcessingInitializeOnLoad (100ms)
			ProcessInitializeOnLoadAttributes (92ms)
			ProcessInitializeOnLoadMethodAttributes (74ms)
========================================================================
Worker process is ready to serve import requests
Import Worker Mode flag is 0x00
Begin MonoManager ReloadAssembly
[Licensing::Client] Successfully resolved entitlement details
[Licensing::Module] License group:
  Id: 14569677039029-UnityPersXXXX
  Product: Unity Personal
  Type: Assigned
  Expiration: Unlimited
Assembly Assembly-CSharp-Editor-firstpass.dll at Library/ScriptAssemblies/Assembly-CSharp-Editor-firstpass.dll not valid. Loading of assembly skipped.
Assembly Assembly-CSharp-firstpass.dll at Library/ScriptAssemblies/Assembly-CSharp-firstpass.dll not valid. Loading of assembly skipped.
Assembly Assembly-CSharp.dll at Library/ScriptAssemblies/Assembly-CSharp.dll not valid. Loading of assembly skipped.
Assembly Unity.Multiplayer.Center.Editor.Tests.dll at Library/ScriptAssemblies/Unity.Multiplayer.Center.Editor.Tests.dll not valid. Loading of assembly skipped.
Assembly Unity.Multiplayer.Center.Tests.dll at Library/ScriptAssemblies/Unity.Multiplayer.Center.Tests.dll not valid. Loading of assembly skipped.
Native extension for WindowsStandalone target not found
Native extension for WebGL target not found
[Package Manager] Failed to launch server process. Reason: Unity was launched with the -noUpm command-line argument
[Package Manager] Unable to send message (not connected to server process).
[Package Manager] Cannot connect to Unity Package Manager local server
ScheduleIndexationOnStartup MainProcess:False IndexOnStartup:True
Mono: successfully reloaded assembly
- Finished resetting the current domain, in  0.298 seconds
Domain Reload Profiling: 565ms
	BeginReloadAssembly (166ms)
		DisableScriptedObjects (4ms)
		CreateAndSetChildDomain (22ms)
	RebuildCommonClasses (34ms)
	RebuildNativeTypeToScriptingClass (12ms)
	initialDomainReloadingComplete (37ms)
	LoadAllAssembliesAndSetupDomain (16ms)
		LoadAssemblies (104ms)
		AnalyzeDomain (9ms)
			TypeCache.Refresh (6ms)
	FinalizeReload (299ms)
		SetupLoadedEditorAssemblies (0ms)
			InitializePlatformSupportModulesInManaged (3ms)
			BeforeProcessingInitializeOnLoad (75ms)
			ProcessInitializeOnLoadAttributes (74ms)
			ProcessInitializeOnLoadMethodAttributes (36ms)
			AfterProcessingInitializeOnLoad (4ms)
		AwakeInstancesAfterBackupRestoration (9ms)
Launched and connected shader compiler UnityShaderCompiler.exe after 0.01 seconds
Unloading 0 Unused Serialized files (Serialized files now loaded: 0)
Unloading 65 unused Assets / (30.3 KB). Loaded Objects now: 666.
Memory consumption went from 64.2 MB to 64.2 MB.
Total: 2.528600 ms (FindLiveObjects: 0.040100 ms CreateObjectMapping: 0.007700 ms MarkObjects: 2.408300 ms  DeleteObjects: 0.070200 ms)

========================================================================
Received Import Request.
  Time since last request: 103909.929948 seconds.
  path: Assets/CheeseSportsArena/Editor/CheeseArenaBuilder.cs
  importAddress: Guid(8f48433deda193647b5f1b0518cac5c6) Importer(2089858483,b0f066a214c2f5e87bad3c948f4d605d)
Start importing Assets/CheeseSportsArena/Editor/CheeseArenaBuilder.cs using Guid(8f48433deda193647b5f1b0518cac5c6) Importer(2089858483,b0f066a214c2f5e87bad3c948f4d605d) (ScriptedImporter) -> (Import Result ID: '5c3fb56d6ad7ecd187ce6490075b330a') in 0.0796921 seconds [static and dynamic dependencies]. Details - ImportResultOutputID=4e3c98b99ac905a1f087221ee24fc2d2 DependenciesID=a85e254fdb78c87d049c0f66b8ec56d7 StaticDependenciesID=77739b6bd2ac24f34cc2ac862cef5f6f 
Number of updated asset objects reloaded before import = 0Number of asset objects unloaded after import = 0

========================================================================
Received Import Request.
  Time since last request: 43.938469 seconds.
  path: Assets/CheeseSportsArena/Materials
  importAddress: Guid(32627c2b68834534bbf38909a6bccf50) Importer(2089858483,b0f066a214c2f5e87bad3c948f4d605d)
Start importing Assets/CheeseSportsArena/Materials using Guid(32627c2b68834534bbf38909a6bccf50) Importer(2089858483,b0f066a214c2f5e87bad3c948f4d605d) (ScriptedImporter) -> (Import Result ID: 'eb34e07ac90e3c83382b19878014507b') in 0.0089509 seconds [static and dynamic dependencies]. Details - ImportResultOutputID=2f686acd685e02afffc220cbd03db414 DependenciesID=cfae2a4242c97b52fe68be125e3f8597 StaticDependenciesID=e0b2bf55f96f1bd88d11176dde7baf3e 
Number of updated asset objects reloaded before import = 0Number of asset objects unloaded after import = 1

========================================================================
Received Import Request.
  Time since last request: 0.001569 seconds.
  path: Assets/CheeseSportsArena/Materials/Accent.mat
  importAddress: Guid(fbce7915fb4257c43a567f661d485009) Importer(2089858483,b0f066a214c2f5e87bad3c948f4d605d)
Start importing Assets/CheeseSportsArena/Materials/Accent.mat using Guid(fbce7915fb4257c43a567f661d485009) Importer(2089858483,b0f066a214c2f5e87bad3c948f4d605d) (ScriptedImporter) -> (Import Result ID: '1af8f6a18f326c74563285ff76cf0dfd') in 0.0488711 seconds [static and dynamic dependencies]. Details - ImportResultOutputID=78d33e6f799e7b5ca377771ffdfa3e44 DependenciesID=19179d9f203776223efa0f1cd570be98 StaticDependenciesID=b47ba35f4f0d19f69733b3db8b070473 
Number of updated asset objects reloaded before import = 0Number of asset objects unloaded after import = 1

========================================================================
Received Import Request.
  Time since last request: 0.000017 seconds.
  path: Assets/CheeseSportsArena/Materials/Stage.mat
  importAddress: Guid(7fdc8e6057e861a4abddafa54344de2d) Importer(2089858483,b0f066a214c2f5e87bad3c948f4d605d)
Start importing Assets/CheeseSportsArena/Materials/Stage.mat using Guid(7fdc8e6057e861a4abddafa54344de2d) Importer(2089858483,b0f066a214c2f5e87bad3c948f4d605d) (ScriptedImporter) -> (Import Result ID: '4d0b192e659bbdee69332f7ca681b7e6') in 0.0113008 seconds [static and dynamic dependencies]. Details - ImportResultOutputID=44897544965ac021b54666c144922ac1 DependenciesID=1736b9582206f8eb05860c5335036872 StaticDependenciesID=3d72b444db087e9e85d293a6c123367e 
Number of updated asset objects reloaded before import = 0Number of asset objects unloaded after import = 1

========================================================================
Received Import Request.
  Time since last request: 0.000018 seconds.
  path: Assets/CheeseSportsArena/Materials/Wall.mat
  importAddress: Guid(1354b72875e18194d916788995d92b6b) Importer(2089858483,b0f066a214c2f5e87bad3c948f4d605d)
Start importing Assets/CheeseSportsArena/Materials/Wall.mat using Guid(1354b72875e18194d916788995d92b6b) Importer(2089858483,b0f066a214c2f5e87bad3c948f4d605d) (ScriptedImporter) -> (Import Result ID: '6f28c00907f40e5a366722b6695c84a9') in 0.0096666 seconds [static and dynamic dependencies]. Details - ImportResultOutputID=0dc1a2bf0161171167c36d2dc9ea0903 DependenciesID=8a314c1a5943239f8472e7a156b2e681 StaticDependenciesID=e019b6806bd2310299d0aa2f762fdb48 
Number of updated asset objects reloaded before import = 0Number of asset objects unloaded after import = 1

========================================================================
Received Import Request.
  Time since last request: 0.000020 seconds.
  path: Assets/CheeseSportsArena/Materials/StealRed.mat
  importAddress: Guid(3b802d864280b1c4cba26fc0f627e1dc) Importer(2089858483,b0f066a214c2f5e87bad3c948f4d605d)
Start importing Assets/CheeseSportsArena/Materials/StealRed.mat using Guid(3b802d864280b1c4cba26fc0f627e1dc) Importer(2089858483,b0f066a214c2f5e87bad3c948f4d605d) (ScriptedImporter) -> (Import Result ID: 'e8cfba855ab348a8730f3983b79fa982') in 0.0098787 seconds [static and dynamic dependencies]. Details - ImportResultOutputID=5f7152d52feddd91ceadb3f3774aff8d DependenciesID=aaa26fe544f5217fd4db6b9281221ae5 StaticDependenciesID=32ca1fecd0a8609051a1221ebf490e9f 
Number of updated asset objects reloaded before import = 0Number of asset objects unloaded after import = 1

========================================================================
Received Import Request.
  Time since last request: 0.000017 seconds.
  path: Assets/CheeseSportsArena/Materials/SpawnMark.mat
  importAddress: Guid(bb3fa9b817120314893fbccf8b08e4d9) Importer(2089858483,b0f066a214c2f5e87bad3c948f4d605d)
Start importing Assets/CheeseSportsArena/Materials/SpawnMark.mat using Guid(bb3fa9b817120314893fbccf8b08e4d9) Importer(2089858483,b0f066a214c2f5e87bad3c948f4d605d) (ScriptedImporter) -> (Import Result ID: '1621d5a0a17ee78ccb12597ce8d02ce6') in 0.0104548 seconds [static and dynamic dependencies]. Details - ImportResultOutputID=6c74702d46c4d06573c1a2a191e22611 DependenciesID=c62c85810d5895a433458f81b568b658 StaticDependenciesID=ce27dc6a71d28fced791b553fe41126d 
Number of updated asset objects reloaded before import = 0Number of asset objects unloaded after import = 1

========================================================================
Received Import Request.
  Time since last request: 0.000028 seconds.
  path: Assets/CheeseSportsArena/Materials/LeaderSeat.mat
  importAddress: Guid(19807565c26e8cb4da63733c20aaafbe) Importer(2089858483,b0f066a214c2f5e87bad3c948f4d605d)
Start importing Assets/CheeseSportsArena/Materials/LeaderSeat.mat using Guid(19807565c26e8cb4da63733c20aaafbe) Importer(2089858483,b0f066a214c2f5e87bad3c948f4d605d) (ScriptedImporter) -> (Import Result ID: 'e921ae62cb6d3c4892ee44719f7047d1') in 0.0116148 seconds [static and dynamic dependencies]. Details - ImportResultOutputID=47f37d7dddf3b62934fd01cc3d70d1d8 DependenciesID=f36668f2da015d7263b56a9bac591f8c StaticDependenciesID=0f231151e81b31a1f54b9d4365413d44 
Number of updated asset objects reloaded before import = 0Number of asset objects unloaded after import = 1

Editor requested this worker to shutdown with reason: Scaling down because of idle timeout
AssetImportWorker is now disconnected from the server
Process exiting
Exiting without the bug reporter. Application will terminate with return code 0